<?xml version="1.0" encoding="UTF-8"?>
<testsuite xmlns:xsi="http://www.w3.org/2001/XMLSchema-instance" xsi:noNamespaceSchemaLocation="https://maven.apache.org/surefire/maven-surefire-plugin/xsd/surefire-test-report.xsd" name="com.itheima.mp.mapper.UserMapperTest" time="5.627" tests="11" errors="1" skipped="0" failures="0">
  <properties>
    <property name="sun.desktop" value="windows"/>
    <property name="awt.toolkit" value="sun.awt.windows.WToolkit"/>
    <property name="java.specification.version" value="11"/>
    <property name="sun.cpu.isalist" value="amd64"/>
    <property name="sun.jnu.encoding" value="GBK"/>
    <property name="java.class.path" value="D:\ADevPlan\abackend\java-cloud-server\mp-demo\target\test-classes;D:\ADevPlan\abackend\java-cloud-server\mp-demo\target\classes;C:\Users\Konoha\.m2\repository\org\springframework\boot\spring-boot-starter\2.7.12\spring-boot-starter-2.7.12.jar;C:\Users\Konoha\.m2\repository\org\springframework\boot\spring-boot\2.7.12\spring-boot-2.7.12.jar;C:\Users\Konoha\.m2\repository\org\springframework\spring-context\5.3.27\spring-context-5.3.27.jar;C:\Users\Konoha\.m2\repository\org\springframework\boot\spring-boot-autoconfigure\2.7.12\spring-boot-autoconfigure-2.7.12.jar;C:\Users\Konoha\.m2\repository\org\springframework\boot\spring-boot-starter-logging\2.7.12\spring-boot-starter-logging-2.7.12.jar;C:\Users\Konoha\.m2\repository\ch\qos\logback\logback-classic\1.2.12\logback-classic-1.2.12.jar;C:\Users\Konoha\.m2\repository\ch\qos\logback\logback-core\1.2.12\logback-core-1.2.12.jar;C:\Users\Konoha\.m2\repository\org\apache\logging\log4j\log4j-to-slf4j\2.17.2\log4j-to-slf4j-2.17.2.jar;C:\Users\Konoha\.m2\repository\org\apache\logging\log4j\log4j-api\2.17.2\log4j-api-2.17.2.jar;C:\Users\Konoha\.m2\repository\org\slf4j\jul-to-slf4j\1.7.36\jul-to-slf4j-1.7.36.jar;C:\Users\Konoha\.m2\repository\jakarta\annotation\jakarta.annotation-api\1.3.5\jakarta.annotation-api-1.3.5.jar;C:\Users\Konoha\.m2\repository\org\springframework\spring-core\5.3.27\spring-core-5.3.27.jar;C:\Users\Konoha\.m2\repository\org\springframework\spring-jcl\5.3.27\spring-jcl-5.3.27.jar;C:\Users\Konoha\.m2\repository\org\yaml\snakeyaml\1.30\snakeyaml-1.30.jar;C:\Users\Konoha\.m2\repository\com\mysql\mysql-connector-j\8.0.33\mysql-connector-j-8.0.33.jar;C:\Users\Konoha\.m2\repository\org\projectlombok\lombok\1.18.26\lombok-1.18.26.jar;C:\Users\Konoha\.m2\repository\org\springframework\boot\spring-boot-starter-test\2.7.12\spring-boot-starter-test-2.7.12.jar;C:\Users\Konoha\.m2\repository\org\springframework\boot\spring-boot-test\2.7.12\spring-boot-test-2.7.12.jar;C:\Users\Konoha\.m2\repository\org\springframework\boot\spring-boot-test-autoconfigure\2.7.12\spring-boot-test-autoconfigure-2.7.12.jar;C:\Users\Konoha\.m2\repository\com\jayway\jsonpath\json-path\2.7.0\json-path-2.7.0.jar;C:\Users\Konoha\.m2\repository\net\minidev\json-smart\2.4.11\json-smart-2.4.11.jar;C:\Users\Konoha\.m2\repository\net\minidev\accessors-smart\2.4.11\accessors-smart-2.4.11.jar;C:\Users\Konoha\.m2\repository\org\ow2\asm\asm\9.3\asm-9.3.jar;C:\Users\Konoha\.m2\repository\org\slf4j\slf4j-api\1.7.36\slf4j-api-1.7.36.jar;C:\Users\Konoha\.m2\repository\jakarta\xml\bind\jakarta.xml.bind-api\2.3.3\jakarta.xml.bind-api-2.3.3.jar;C:\Users\Konoha\.m2\repository\jakarta\activation\jakarta.activation-api\1.2.2\jakarta.activation-api-1.2.2.jar;C:\Users\Konoha\.m2\repository\org\assertj\assertj-core\3.22.0\assertj-core-3.22.0.jar;C:\Users\Konoha\.m2\repository\org\hamcrest\hamcrest\2.2\hamcrest-2.2.jar;C:\Users\Konoha\.m2\repository\org\junit\jupiter\junit-jupiter\5.8.2\junit-jupiter-5.8.2.jar;C:\Users\Konoha\.m2\repository\org\junit\jupiter\junit-jupiter-api\5.8.2\junit-jupiter-api-5.8.2.jar;C:\Users\Konoha\.m2\repository\org\opentest4j\opentest4j\1.2.0\opentest4j-1.2.0.jar;C:\Users\Konoha\.m2\repository\org\junit\platform\junit-platform-commons\1.8.2\junit-platform-commons-1.8.2.jar;C:\Users\Konoha\.m2\repository\org\apiguardian\apiguardian-api\1.1.2\apiguardian-api-1.1.2.jar;C:\Users\Konoha\.m2\repository\org\junit\jupiter\junit-jupiter-params\5.8.2\junit-jupiter-params-5.8.2.jar;C:\Users\Konoha\.m2\repository\org\junit\jupiter\junit-jupiter-engine\5.8.2\junit-jupiter-engine-5.8.2.jar;C:\Users\Konoha\.m2\repository\org\junit\platform\junit-platform-engine\1.8.2\junit-platform-engine-1.8.2.jar;C:\Users\Konoha\.m2\repository\org\mockito\mockito-core\4.5.1\mockito-core-4.5.1.jar;C:\Users\Konoha\.m2\repository\net\bytebuddy\byte-buddy\1.12.23\byte-buddy-1.12.23.jar;C:\Users\Konoha\.m2\repository\net\bytebuddy\byte-buddy-agent\1.12.23\byte-buddy-agent-1.12.23.jar;C:\Users\Konoha\.m2\repository\org\objenesis\objenesis\3.2\objenesis-3.2.jar;C:\Users\Konoha\.m2\repository\org\mockito\mockito-junit-jupiter\4.5.1\mockito-junit-jupiter-4.5.1.jar;C:\Users\Konoha\.m2\repository\org\skyscreamer\jsonassert\1.5.1\jsonassert-1.5.1.jar;C:\Users\Konoha\.m2\repository\com\vaadin\external\google\android-json\0.0.20131108.vaadin1\android-json-0.0.20131108.vaadin1.jar;C:\Users\Konoha\.m2\repository\org\springframework\spring-test\5.3.27\spring-test-5.3.27.jar;C:\Users\Konoha\.m2\repository\org\xmlunit\xmlunit-core\2.9.1\xmlunit-core-2.9.1.jar;C:\Users\Konoha\.m2\repository\org\mybatis\spring\boot\mybatis-spring-boot-starter\2.3.1\mybatis-spring-boot-starter-2.3.1.jar;C:\Users\Konoha\.m2\repository\org\springframework\boot\spring-boot-starter-jdbc\2.7.12\spring-boot-starter-jdbc-2.7.12.jar;C:\Users\Konoha\.m2\repository\com\zaxxer\HikariCP\4.0.3\HikariCP-4.0.3.jar;C:\Users\Konoha\.m2\repository\org\springframework\spring-jdbc\5.3.27\spring-jdbc-5.3.27.jar;C:\Users\Konoha\.m2\repository\org\springframework\spring-tx\5.3.27\spring-tx-5.3.27.jar;C:\Users\Konoha\.m2\repository\org\mybatis\spring\boot\mybatis-spring-boot-autoconfigure\2.3.1\mybatis-spring-boot-autoconfigure-2.3.1.jar;C:\Users\Konoha\.m2\repository\org\mybatis\mybatis\3.5.13\mybatis-3.5.13.jar;C:\Users\Konoha\.m2\repository\org\mybatis\mybatis-spring\2.1.1\mybatis-spring-2.1.1.jar;C:\Users\Konoha\.m2\repository\cn\hutool\hutool-all\5.8.11\hutool-all-5.8.11.jar;C:\Users\Konoha\.m2\repository\com\baomidou\mybatis-plus-boot-starter\3.5.3.1\mybatis-plus-boot-starter-3.5.3.1.jar;C:\Users\Konoha\.m2\repository\com\baomidou\mybatis-plus\3.5.3.1\mybatis-plus-3.5.3.1.jar;C:\Users\Konoha\.m2\repository\com\baomidou\mybatis-plus-extension\3.5.3.1\mybatis-plus-extension-3.5.3.1.jar;C:\Users\Konoha\.m2\repository\com\baomidou\mybatis-plus-core\3.5.3.1\mybatis-plus-core-3.5.3.1.jar;C:\Users\Konoha\.m2\repository\com\baomidou\mybatis-plus-annotation\3.5.3.1\mybatis-plus-annotation-3.5.3.1.jar;C:\Users\Konoha\.m2\repository\com\github\jsqlparser\jsqlparser\4.4\jsqlparser-4.4.jar;C:\Users\Konoha\.m2\repository\com\github\xiaoymin\knife4j-openapi2-spring-boot-starter\4.1.0\knife4j-openapi2-spring-boot-starter-4.1.0.jar;C:\Users\Konoha\.m2\repository\com\github\xiaoymin\knife4j-core\4.1.0\knife4j-core-4.1.0.jar;C:\Users\Konoha\.m2\repository\com\github\xiaoymin\knife4j-openapi2-ui\4.1.0\knife4j-openapi2-ui-4.1.0.jar;C:\Users\Konoha\.m2\repository\org\javassist\javassist\3.25.0-GA\javassist-3.25.0-GA.jar;C:\Users\Konoha\.m2\repository\io\springfox\springfox-swagger2\2.10.5\springfox-swagger2-2.10.5.jar;C:\Users\Konoha\.m2\repository\io\springfox\springfox-spi\2.10.5\springfox-spi-2.10.5.jar;C:\Users\Konoha\.m2\repository\io\springfox\springfox-core\2.10.5\springfox-core-2.10.5.jar;C:\Users\Konoha\.m2\repository\io\springfox\springfox-schema\2.10.5\springfox-schema-2.10.5.jar;C:\Users\Konoha\.m2\repository\io\springfox\springfox-swagger-common\2.10.5\springfox-swagger-common-2.10.5.jar;C:\Users\Konoha\.m2\repository\io\springfox\springfox-spring-web\2.10.5\springfox-spring-web-2.10.5.jar;C:\Users\Konoha\.m2\repository\io\github\classgraph\classgraph\4.1.7\classgraph-4.1.7.jar;C:\Users\Konoha\.m2\repository\com\fasterxml\classmate\1.5.1\classmate-1.5.1.jar;C:\Users\Konoha\.m2\repository\org\springframework\plugin\spring-plugin-core\2.0.0.RELEASE\spring-plugin-core-2.0.0.RELEASE.jar;C:\Users\Konoha\.m2\repository\org\springframework\plugin\spring-plugin-metadata\2.0.0.RELEASE\spring-plugin-metadata-2.0.0.RELEASE.jar;C:\Users\Konoha\.m2\repository\org\mapstruct\mapstruct\1.3.1.Final\mapstruct-1.3.1.Final.jar;C:\Users\Konoha\.m2\repository\io\swagger\swagger-models\1.6.6\swagger-models-1.6.6.jar;C:\Users\Konoha\.m2\repository\io\swagger\swagger-annotations\1.6.6\swagger-annotations-1.6.6.jar;C:\Users\Konoha\.m2\repository\io\springfox\springfox-bean-validators\2.10.5\springfox-bean-validators-2.10.5.jar;C:\Users\Konoha\.m2\repository\io\springfox\springfox-spring-webmvc\2.10.5\springfox-spring-webmvc-2.10.5.jar;C:\Users\Konoha\.m2\repository\org\springframework\boot\spring-boot-starter-web\2.7.12\spring-boot-starter-web-2.7.12.jar;C:\Users\Konoha\.m2\repository\org\springframework\boot\spring-boot-starter-json\2.7.12\spring-boot-starter-json-2.7.12.jar;C:\Users\Konoha\.m2\repository\com\fasterxml\jackson\datatype\jackson-datatype-jdk8\2.13.5\jackson-datatype-jdk8-2.13.5.jar;C:\Users\Konoha\.m2\repository\com\fasterxml\jackson\datatype\jackson-datatype-jsr310\2.13.5\jackson-datatype-jsr310-2.13.5.jar;C:\Users\Konoha\.m2\repository\com\fasterxml\jackson\module\jackson-module-parameter-names\2.13.5\jackson-module-parameter-names-2.13.5.jar;C:\Users\Konoha\.m2\repository\org\springframework\boot\spring-boot-starter-tomcat\2.7.12\spring-boot-starter-tomcat-2.7.12.jar;C:\Users\Konoha\.m2\repository\org\apache\tomcat\embed\tomcat-embed-core\9.0.75\tomcat-embed-core-9.0.75.jar;C:\Users\Konoha\.m2\repository\org\apache\tomcat\embed\tomcat-embed-el\9.0.75\tomcat-embed-el-9.0.75.jar;C:\Users\Konoha\.m2\repository\org\apache\tomcat\embed\tomcat-embed-websocket\9.0.75\tomcat-embed-websocket-9.0.75.jar;C:\Users\Konoha\.m2\repository\org\springframework\spring-web\5.3.27\spring-web-5.3.27.jar;C:\Users\Konoha\.m2\repository\org\springframework\spring-beans\5.3.27\spring-beans-5.3.27.jar;C:\Users\Konoha\.m2\repository\org\springframework\spring-webmvc\5.3.27\spring-webmvc-5.3.27.jar;C:\Users\Konoha\.m2\repository\org\springframework\spring-aop\5.3.27\spring-aop-5.3.27.jar;C:\Users\Konoha\.m2\repository\org\springframework\spring-expression\5.3.27\spring-expression-5.3.27.jar;C:\Users\Konoha\.m2\repository\com\fasterxml\jackson\core\jackson-databind\2.13.5\jackson-databind-2.13.5.jar;C:\Users\Konoha\.m2\repository\com\fasterxml\jackson\core\jackson-annotations\2.13.5\jackson-annotations-2.13.5.jar;C:\Users\Konoha\.m2\repository\com\fasterxml\jackson\core\jackson-core\2.13.5\jackson-core-2.13.5.jar;"/>
    <property name="java.vm.vendor" value="Azul Systems, Inc."/>
    <property name="sun.arch.data.model" value="64"/>
    <property name="user.variant" value=""/>
    <property name="java.vendor.url" value="http://www.azul.com/"/>
    <property name="user.timezone" value="Asia/Shanghai"/>
    <property name="java.vm.specification.version" value="11"/>
    <property name="os.name" value="Windows 11"/>
    <property name="sun.java.launcher" value="SUN_STANDARD"/>
    <property name="user.country" value="CN"/>
    <property name="sun.boot.library.path" value="D:\Program Files\Java\.jdks\azul-11.0.28\bin"/>
    <property name="sun.java.command" value="C:\Users\Konoha\AppData\Local\Temp\surefire1859395292044265007\surefirebooter1876855664438980524.jar C:\Users\Konoha\AppData\Local\Temp\surefire1859395292044265007 2025-09-25T11-05-04_397-jvmRun1 surefire7565374347925985279tmp surefire_0471966267364321777tmp"/>
    <property name="jdk.debug" value="release"/>
    <property name="surefire.test.class.path" value="D:\ADevPlan\abackend\java-cloud-server\mp-demo\target\test-classes;D:\ADevPlan\abackend\java-cloud-server\mp-demo\target\classes;C:\Users\Konoha\.m2\repository\org\springframework\boot\spring-boot-starter\2.7.12\spring-boot-starter-2.7.12.jar;C:\Users\Konoha\.m2\repository\org\springframework\boot\spring-boot\2.7.12\spring-boot-2.7.12.jar;C:\Users\Konoha\.m2\repository\org\springframework\spring-context\5.3.27\spring-context-5.3.27.jar;C:\Users\Konoha\.m2\repository\org\springframework\boot\spring-boot-autoconfigure\2.7.12\spring-boot-autoconfigure-2.7.12.jar;C:\Users\Konoha\.m2\repository\org\springframework\boot\spring-boot-starter-logging\2.7.12\spring-boot-starter-logging-2.7.12.jar;C:\Users\Konoha\.m2\repository\ch\qos\logback\logback-classic\1.2.12\logback-classic-1.2.12.jar;C:\Users\Konoha\.m2\repository\ch\qos\logback\logback-core\1.2.12\logback-core-1.2.12.jar;C:\Users\Konoha\.m2\repository\org\apache\logging\log4j\log4j-to-slf4j\2.17.2\log4j-to-slf4j-2.17.2.jar;C:\Users\Konoha\.m2\repository\org\apache\logging\log4j\log4j-api\2.17.2\log4j-api-2.17.2.jar;C:\Users\Konoha\.m2\repository\org\slf4j\jul-to-slf4j\1.7.36\jul-to-slf4j-1.7.36.jar;C:\Users\Konoha\.m2\repository\jakarta\annotation\jakarta.annotation-api\1.3.5\jakarta.annotation-api-1.3.5.jar;C:\Users\Konoha\.m2\repository\org\springframework\spring-core\5.3.27\spring-core-5.3.27.jar;C:\Users\Konoha\.m2\repository\org\springframework\spring-jcl\5.3.27\spring-jcl-5.3.27.jar;C:\Users\Konoha\.m2\repository\org\yaml\snakeyaml\1.30\snakeyaml-1.30.jar;C:\Users\Konoha\.m2\repository\com\mysql\mysql-connector-j\8.0.33\mysql-connector-j-8.0.33.jar;C:\Users\Konoha\.m2\repository\org\projectlombok\lombok\1.18.26\lombok-1.18.26.jar;C:\Users\Konoha\.m2\repository\org\springframework\boot\spring-boot-starter-test\2.7.12\spring-boot-starter-test-2.7.12.jar;C:\Users\Konoha\.m2\repository\org\springframework\boot\spring-boot-test\2.7.12\spring-boot-test-2.7.12.jar;C:\Users\Konoha\.m2\repository\org\springframework\boot\spring-boot-test-autoconfigure\2.7.12\spring-boot-test-autoconfigure-2.7.12.jar;C:\Users\Konoha\.m2\repository\com\jayway\jsonpath\json-path\2.7.0\json-path-2.7.0.jar;C:\Users\Konoha\.m2\repository\net\minidev\json-smart\2.4.11\json-smart-2.4.11.jar;C:\Users\Konoha\.m2\repository\net\minidev\accessors-smart\2.4.11\accessors-smart-2.4.11.jar;C:\Users\Konoha\.m2\repository\org\ow2\asm\asm\9.3\asm-9.3.jar;C:\Users\Konoha\.m2\repository\org\slf4j\slf4j-api\1.7.36\slf4j-api-1.7.36.jar;C:\Users\Konoha\.m2\repository\jakarta\xml\bind\jakarta.xml.bind-api\2.3.3\jakarta.xml.bind-api-2.3.3.jar;C:\Users\Konoha\.m2\repository\jakarta\activation\jakarta.activation-api\1.2.2\jakarta.activation-api-1.2.2.jar;C:\Users\Konoha\.m2\repository\org\assertj\assertj-core\3.22.0\assertj-core-3.22.0.jar;C:\Users\Konoha\.m2\repository\org\hamcrest\hamcrest\2.2\hamcrest-2.2.jar;C:\Users\Konoha\.m2\repository\org\junit\jupiter\junit-jupiter\5.8.2\junit-jupiter-5.8.2.jar;C:\Users\Konoha\.m2\repository\org\junit\jupiter\junit-jupiter-api\5.8.2\junit-jupiter-api-5.8.2.jar;C:\Users\Konoha\.m2\repository\org\opentest4j\opentest4j\1.2.0\opentest4j-1.2.0.jar;C:\Users\Konoha\.m2\repository\org\junit\platform\junit-platform-commons\1.8.2\junit-platform-commons-1.8.2.jar;C:\Users\Konoha\.m2\repository\org\apiguardian\apiguardian-api\1.1.2\apiguardian-api-1.1.2.jar;C:\Users\Konoha\.m2\repository\org\junit\jupiter\junit-jupiter-params\5.8.2\junit-jupiter-params-5.8.2.jar;C:\Users\Konoha\.m2\repository\org\junit\jupiter\junit-jupiter-engine\5.8.2\junit-jupiter-engine-5.8.2.jar;C:\Users\Konoha\.m2\repository\org\junit\platform\junit-platform-engine\1.8.2\junit-platform-engine-1.8.2.jar;C:\Users\Konoha\.m2\repository\org\mockito\mockito-core\4.5.1\mockito-core-4.5.1.jar;C:\Users\Konoha\.m2\repository\net\bytebuddy\byte-buddy\1.12.23\byte-buddy-1.12.23.jar;C:\Users\Konoha\.m2\repository\net\bytebuddy\byte-buddy-agent\1.12.23\byte-buddy-agent-1.12.23.jar;C:\Users\Konoha\.m2\repository\org\objenesis\objenesis\3.2\objenesis-3.2.jar;C:\Users\Konoha\.m2\repository\org\mockito\mockito-junit-jupiter\4.5.1\mockito-junit-jupiter-4.5.1.jar;C:\Users\Konoha\.m2\repository\org\skyscreamer\jsonassert\1.5.1\jsonassert-1.5.1.jar;C:\Users\Konoha\.m2\repository\com\vaadin\external\google\android-json\0.0.20131108.vaadin1\android-json-0.0.20131108.vaadin1.jar;C:\Users\Konoha\.m2\repository\org\springframework\spring-test\5.3.27\spring-test-5.3.27.jar;C:\Users\Konoha\.m2\repository\org\xmlunit\xmlunit-core\2.9.1\xmlunit-core-2.9.1.jar;C:\Users\Konoha\.m2\repository\org\mybatis\spring\boot\mybatis-spring-boot-starter\2.3.1\mybatis-spring-boot-starter-2.3.1.jar;C:\Users\Konoha\.m2\repository\org\springframework\boot\spring-boot-starter-jdbc\2.7.12\spring-boot-starter-jdbc-2.7.12.jar;C:\Users\Konoha\.m2\repository\com\zaxxer\HikariCP\4.0.3\HikariCP-4.0.3.jar;C:\Users\Konoha\.m2\repository\org\springframework\spring-jdbc\5.3.27\spring-jdbc-5.3.27.jar;C:\Users\Konoha\.m2\repository\org\springframework\spring-tx\5.3.27\spring-tx-5.3.27.jar;C:\Users\Konoha\.m2\repository\org\mybatis\spring\boot\mybatis-spring-boot-autoconfigure\2.3.1\mybatis-spring-boot-autoconfigure-2.3.1.jar;C:\Users\Konoha\.m2\repository\org\mybatis\mybatis\3.5.13\mybatis-3.5.13.jar;C:\Users\Konoha\.m2\repository\org\mybatis\mybatis-spring\2.1.1\mybatis-spring-2.1.1.jar;C:\Users\Konoha\.m2\repository\cn\hutool\hutool-all\5.8.11\hutool-all-5.8.11.jar;C:\Users\Konoha\.m2\repository\com\baomidou\mybatis-plus-boot-starter\3.5.3.1\mybatis-plus-boot-starter-3.5.3.1.jar;C:\Users\Konoha\.m2\repository\com\baomidou\mybatis-plus\3.5.3.1\mybatis-plus-3.5.3.1.jar;C:\Users\Konoha\.m2\repository\com\baomidou\mybatis-plus-extension\3.5.3.1\mybatis-plus-extension-3.5.3.1.jar;C:\Users\Konoha\.m2\repository\com\baomidou\mybatis-plus-core\3.5.3.1\mybatis-plus-core-3.5.3.1.jar;C:\Users\Konoha\.m2\repository\com\baomidou\mybatis-plus-annotation\3.5.3.1\mybatis-plus-annotation-3.5.3.1.jar;C:\Users\Konoha\.m2\repository\com\github\jsqlparser\jsqlparser\4.4\jsqlparser-4.4.jar;C:\Users\Konoha\.m2\repository\com\github\xiaoymin\knife4j-openapi2-spring-boot-starter\4.1.0\knife4j-openapi2-spring-boot-starter-4.1.0.jar;C:\Users\Konoha\.m2\repository\com\github\xiaoymin\knife4j-core\4.1.0\knife4j-core-4.1.0.jar;C:\Users\Konoha\.m2\repository\com\github\xiaoymin\knife4j-openapi2-ui\4.1.0\knife4j-openapi2-ui-4.1.0.jar;C:\Users\Konoha\.m2\repository\org\javassist\javassist\3.25.0-GA\javassist-3.25.0-GA.jar;C:\Users\Konoha\.m2\repository\io\springfox\springfox-swagger2\2.10.5\springfox-swagger2-2.10.5.jar;C:\Users\Konoha\.m2\repository\io\springfox\springfox-spi\2.10.5\springfox-spi-2.10.5.jar;C:\Users\Konoha\.m2\repository\io\springfox\springfox-core\2.10.5\springfox-core-2.10.5.jar;C:\Users\Konoha\.m2\repository\io\springfox\springfox-schema\2.10.5\springfox-schema-2.10.5.jar;C:\Users\Konoha\.m2\repository\io\springfox\springfox-swagger-common\2.10.5\springfox-swagger-common-2.10.5.jar;C:\Users\Konoha\.m2\repository\io\springfox\springfox-spring-web\2.10.5\springfox-spring-web-2.10.5.jar;C:\Users\Konoha\.m2\repository\io\github\classgraph\classgraph\4.1.7\classgraph-4.1.7.jar;C:\Users\Konoha\.m2\repository\com\fasterxml\classmate\1.5.1\classmate-1.5.1.jar;C:\Users\Konoha\.m2\repository\org\springframework\plugin\spring-plugin-core\2.0.0.RELEASE\spring-plugin-core-2.0.0.RELEASE.jar;C:\Users\Konoha\.m2\repository\org\springframework\plugin\spring-plugin-metadata\2.0.0.RELEASE\spring-plugin-metadata-2.0.0.RELEASE.jar;C:\Users\Konoha\.m2\repository\org\mapstruct\mapstruct\1.3.1.Final\mapstruct-1.3.1.Final.jar;C:\Users\Konoha\.m2\repository\io\swagger\swagger-models\1.6.6\swagger-models-1.6.6.jar;C:\Users\Konoha\.m2\repository\io\swagger\swagger-annotations\1.6.6\swagger-annotations-1.6.6.jar;C:\Users\Konoha\.m2\repository\io\springfox\springfox-bean-validators\2.10.5\springfox-bean-validators-2.10.5.jar;C:\Users\Konoha\.m2\repository\io\springfox\springfox-spring-webmvc\2.10.5\springfox-spring-webmvc-2.10.5.jar;C:\Users\Konoha\.m2\repository\org\springframework\boot\spring-boot-starter-web\2.7.12\spring-boot-starter-web-2.7.12.jar;C:\Users\Konoha\.m2\repository\org\springframework\boot\spring-boot-starter-json\2.7.12\spring-boot-starter-json-2.7.12.jar;C:\Users\Konoha\.m2\repository\com\fasterxml\jackson\datatype\jackson-datatype-jdk8\2.13.5\jackson-datatype-jdk8-2.13.5.jar;C:\Users\Konoha\.m2\repository\com\fasterxml\jackson\datatype\jackson-datatype-jsr310\2.13.5\jackson-datatype-jsr310-2.13.5.jar;C:\Users\Konoha\.m2\repository\com\fasterxml\jackson\module\jackson-module-parameter-names\2.13.5\jackson-module-parameter-names-2.13.5.jar;C:\Users\Konoha\.m2\repository\org\springframework\boot\spring-boot-starter-tomcat\2.7.12\spring-boot-starter-tomcat-2.7.12.jar;C:\Users\Konoha\.m2\repository\org\apache\tomcat\embed\tomcat-embed-core\9.0.75\tomcat-embed-core-9.0.75.jar;C:\Users\Konoha\.m2\repository\org\apache\tomcat\embed\tomcat-embed-el\9.0.75\tomcat-embed-el-9.0.75.jar;C:\Users\Konoha\.m2\repository\org\apache\tomcat\embed\tomcat-embed-websocket\9.0.75\tomcat-embed-websocket-9.0.75.jar;C:\Users\Konoha\.m2\repository\org\springframework\spring-web\5.3.27\spring-web-5.3.27.jar;C:\Users\Konoha\.m2\repository\org\springframework\spring-beans\5.3.27\spring-beans-5.3.27.jar;C:\Users\Konoha\.m2\repository\org\springframework\spring-webmvc\5.3.27\spring-webmvc-5.3.27.jar;C:\Users\Konoha\.m2\repository\org\springframework\spring-aop\5.3.27\spring-aop-5.3.27.jar;C:\Users\Konoha\.m2\repository\org\springframework\spring-expression\5.3.27\spring-expression-5.3.27.jar;C:\Users\Konoha\.m2\repository\com\fasterxml\jackson\core\jackson-databind\2.13.5\jackson-databind-2.13.5.jar;C:\Users\Konoha\.m2\repository\com\fasterxml\jackson\core\jackson-annotations\2.13.5\jackson-annotations-2.13.5.jar;C:\Users\Konoha\.m2\repository\com\fasterxml\jackson\core\jackson-core\2.13.5\jackson-core-2.13.5.jar;"/>
    <property name="sun.cpu.endian" value="little"/>
    <property name="user.home" value="C:\Users\Konoha"/>
    <property name="user.language" value="zh"/>
    <property name="java.specification.vendor" value="Oracle Corporation"/>
    <property name="java.version.date" value="2025-07-15"/>
    <property name="java.home" value="D:\Program Files\Java\.jdks\azul-11.0.28"/>
    <property name="file.separator" value="\"/>
    <property name="basedir" value="D:\ADevPlan\abackend\java-cloud-server\mp-demo"/>
    <property name="java.vm.compressedOopsMode" value="Zero based"/>
    <property name="line.separator" value="&#10;"/>
    <property name="java.specification.name" value="Java Platform API Specification"/>
    <property name="java.vm.specification.vendor" value="Oracle Corporation"/>
    <property name="jdk.vendor.version" value="Zulu11.82+19-CA"/>
    <property name="java.awt.graphicsenv" value="sun.awt.Win32GraphicsEnvironment"/>
    <property name="surefire.real.class.path" value="C:\Users\Konoha\AppData\Local\Temp\surefire1859395292044265007\surefirebooter1876855664438980524.jar"/>
    <property name="user.script" value=""/>
    <property name="sun.management.compiler" value="HotSpot 64-Bit Tiered Compilers"/>
    <property name="java.runtime.version" value="11.0.28+6-LTS"/>
    <property name="user.name" value="Konoha"/>
    <property name="path.separator" value=";"/>
    <property name="os.version" value="10.0"/>
    <property name="java.runtime.name" value="OpenJDK Runtime Environment"/>
    <property name="file.encoding" value="GBK"/>
    <property name="java.vm.name" value="OpenJDK 64-Bit Server VM"/>
    <property name="java.vendor.version" value="Zulu11.82+19-CA"/>
    <property name="localRepository" value="C:\Users\Konoha\.m2\repository"/>
    <property name="java.vendor.url.bug" value="http://www.azul.com/support/"/>
    <property name="java.io.tmpdir" value="C:\Users\Konoha\AppData\Local\Temp\"/>
    <property name="idea.version" value="2024.3.5"/>
    <property name="java.version" value="11.0.28"/>
    <property name="user.dir" value="D:\ADevPlan\abackend\java-cloud-server\mp-demo"/>
    <property name="os.arch" value="amd64"/>
    <property name="java.vm.specification.name" value="Java Virtual Machine Specification"/>
    <property name="java.awt.printerjob" value="sun.awt.windows.WPrinterJob"/>
    <property name="sun.os.patch.level" value=""/>
    <property name="java.library.path" value="D:\Program Files\Java\.jdks\azul-11.0.28\bin;C:\Windows\Sun\Java\bin;C:\Windows\system32;C:\Windows;D:\Program Files\OpenLogic\jdk-8.0.442.06-hotspot\bin;C:\Windows\system32;C:\Windows;C:\Windows\System32\Wbem;C:\Windows\System32\WindowsPowerShell\v1.0\;C:\Windows\System32\OpenSSH\;C:\Program Files\HONOR\PCManager;C:\Program Files\dotnet\;C:\Program Files\Pandoc\;C:\Users\Konoha\AppData\Local\nvm;C:\nvm4w\nodejs;D:\Program Files\chromedriver-win64;D:\Program Files\Java\.jdks\azul-17.0.14\bin;D:\Program Files\Java\apache-maven-3.9.11\bin;C:\Users\Konoha\AppData\Local\Programs\Microsoft VS Code;C:\Program Files\Git\cmd;D:\Program Files (x86)\Tencent\微信web开发者工具\dll;C:\Program Files\Docker\Docker\resources\bin;D:\Program Files\Python\Python-396\Scripts\;D:\Program Files\Python\Python-396\;c:\Users\Konoha\AppData\Local\Programs\cursor\resources\app\codeBin;C:\Users\Konoha\AppData\Local\Programs\Python\Launcher\;C:\Users\Konoha\scoop\shims;C:\Users\Konoha\AppData\Local\Microsoft\WindowsApps;C:\Users\Konoha\AppData\Local\nvm;C:\nvm4w\nodejs;C:\Users\Konoha\.dotnet\tools;D:\Program Files\Microsoft VS Code\bin;."/>
    <property name="java.vm.info" value="mixed mode"/>
    <property name="java.vendor" value="Azul Systems, Inc."/>
    <property name="java.vm.version" value="11.0.28+6-LTS"/>
    <property name="java.specification.maintenance.version" value="3"/>
    <property name="sun.io.unicode.encoding" value="UnicodeLittle"/>
    <property name="java.class.version" value="55.0"/>
  </properties>
  <testcase name="testUpdateById" classname="com.itheima.mp.mapper.UserMapperTest" time="1.151"/>
  <testcase name="testQueryByIds" classname="com.itheima.mp.mapper.UserMapperTest" time="0.097"/>
  <testcase name="testLambdaQueryWrapper" classname="com.itheima.mp.mapper.UserMapperTest" time="0.047"/>
  <testcase name="testQueryWrapper" classname="com.itheima.mp.mapper.UserMapperTest" time="0.008"/>
  <testcase name="testCustomWrapper" classname="com.itheima.mp.mapper.UserMapperTest" time="0.02"/>
  <testcase name="testUpdateByQueryWrapper" classname="com.itheima.mp.mapper.UserMapperTest" time="0.015"/>
  <testcase name="testDeleteUser" classname="com.itheima.mp.mapper.UserMapperTest" time="0.024"/>
  <testcase name="testCustomJoinWrapper" classname="com.itheima.mp.mapper.UserMapperTest" time="0.018"/>
  <testcase name="testInsert" classname="com.itheima.mp.mapper.UserMapperTest" time="0.08">
    <error message="&#10;### Error updating database.  Cause: java.sql.SQLException: Field &apos;info&apos; doesn&apos;t have a default value&#10;### The error may exist in com/itheima/mp/mapper/UserMapper.java (best guess)&#10;### The error may involve com.itheima.mp.mapper.UserMapper.insert-Inline&#10;### The error occurred while setting parameters&#10;### SQL: INSERT INTO user  ( id, username, password, phone,   balance, create_time, update_time )  VALUES  ( ?, ?, ?, ?,   ?, ?, ? )&#10;### Cause: java.sql.SQLException: Field &apos;info&apos; doesn&apos;t have a default value&#10;; Field &apos;info&apos; doesn&apos;t have a default value; nested exception is java.sql.SQLException: Field &apos;info&apos; doesn&apos;t have a default value" type="org.springframework.dao.DataIntegrityViolationException">org.springframework.dao.DataIntegrityViolationException: 

### Error updating database.  Cause: java.sql.SQLException: Field 'info' doesn't have a default value
### The error may exist in com/itheima/mp/mapper/UserMapper.java (best guess)
### The error may involve com.itheima.mp.mapper.UserMapper.insert-Inline
### The error occurred while setting parameters
### SQL: INSERT INTO user  ( id, username, password, phone,   balance, create_time, update_time )  VALUES  ( ?, ?, ?, ?,   ?, ?, ? )
### Cause: java.sql.SQLException: Field 'info' doesn't have a default value
; Field 'info' doesn't have a default value; nested exception is java.sql.SQLException: Field 'info' doesn't have a default value
	at com.itheima.mp.mapper.UserMapperTest.testInsert(UserMapperTest.java:31)
Caused by: java.sql.SQLException: Field 'info' doesn't have a default value
	at com.itheima.mp.mapper.UserMapperTest.testInsert(UserMapperTest.java:31)
</error>
    <system-out><![CDATA[11:05:10 DEBUG 23464 --- [           main] com.itheima.mp.mapper.UserMapper.insert  : ==>  Preparing: INSERT INTO user ( id, username, password, phone, balance, create_time, update_time ) VALUES ( ?, ?, ?, ?, ?, ?, ? )
11:05:10 DEBUG 23464 --- [           main] com.itheima.mp.mapper.UserMapper.insert  : ==> Parameters: 6(Long), Lucy2(String), 123(String), 18688990011(String), 200(Integer), 2025-09-25T11:05:10.830870900(LocalDateTime), 2025-09-25T11:05:10.830870900(LocalDateTime)
]]></system-out>
  </testcase>
  <testcase name="testSelectById" classname="com.itheima.mp.mapper.UserMapperTest" time="0.009"/>
  <testcase name="testUpdateWrapper" classname="com.itheima.mp.mapper.UserMapperTest" time="0.022"/>
</testsuite>